SF:lib\src\open_meteo_api_client.dart
DA:28,1
DA:29,1
DA:37,1
DA:38,1
DA:41,1
DA:44,2
DA:46,2
DA:47,1
DA:50,2
DA:52,2
DA:54,1
DA:56,2
DA:58,2
DA:62,1
DA:66,2
DA:67,1
DA:68,1
DA:72,2
DA:74,2
DA:75,1
DA:78,2
DA:80,1
DA:81,1
DA:84,1
DA:86,1
DA:90,1
DA:91,2
LF:27
LH:27
end_of_record
SF:lib\src\models\location.dart
DA:9,2
DA:16,2
DA:17,2
LF:3
LH:3
end_of_record
SF:lib\src\models\location.g.dart
DA:11,4
DA:14,2
DA:15,2
DA:16,6
DA:17,4
DA:18,6
DA:19,6
LF:7
LH:7
end_of_record
SF:lib\src\models\weather.dart
DA:8,2
DA:13,2
DA:14,2
LF:3
LH:3
end_of_record
SF:lib\src\models\weather.g.dart
DA:11,4
DA:14,2
DA:15,2
DA:17,6
DA:19,6
LF:5
LH:5
end_of_record
